1784659116.2105994,24.9853515625,999.161789559856,46.72067080341792,51.608
1784659131.2907019,24.9802734375,999.1367068119769,46.63751688644612,50.634
1784659146.3707962,24.9904296875,999.139993365989,46.98734599453667,50.634
1784659161.4508967,24.9802734375,999.1580513563567,46.92795570958071,50.634
1784659176.530969,24.9802734375,999.1694778470793,46.37674667498344,51.121
1784659191.6110287,24.9802734375,999.168723633454,46.66715463714866,50.634
1784659206.69111,24.975390625,999.2009222004351,46.64953849294898,51.121
1784659221.7711651,24.9802734375,999.1598300689791,46.70864705434975,51.121
1784659236.8514824,24.9853515625,999.1829533413396,46.70864705434975,50.634
1784659251.9758651,24.8845703125,999.1583215036388,46.75042348587,51.121
1784659267.0560076,24.965234375,999.1616087816922,47.153176908144,51.121
1784659282.136711,24.9703125,999.1199444941439,46.73822694282253,50.147
1784659297.255253,24.8896484375,999.1671173751056,46.9462681840228,50.634
1784659312.3353078,24.9853515625,999.1341740669568,46.868625772126336,50.634
1784659327.4154155,24.9853515625,999.1456003705448,46.99907980452961,51.121
1784659342.4955213,24.9703125,999.1598300689791,46.63751688644612,50.147
1784659357.6176467,24.874609375,999.1402545264896,46.839396347694915,50.634
1784659372.6978474,24.9703125,999.1222963586125,46.77367764954322,50.147
1784659387.7779605,24.96015625,999.1707722925139,47.23602358572533,51.121
1784659402.8584232,24.955078125,999.1322140544554,46.8032552024913,51.608
1784659417.9442844,24.86953125,999.1263933243251,47.00458695808346,49.66
1784659433.069605,24.8794921875,999.1103858310717,47.05847046410953,50.147
1784659448.194844,24.859375,999.1075830206756,46.898554088576944,50.634
1784659463.2749703,24.96015625,999.1233207843765,47.09959330968519,50.634
1784659478.3999617,24.86953125,999.1271478923854,47.25405508643175,51.608
1784659493.4800606,24.9501953125,999.1383915002416,47.093423815734496,51.121
1784659508.560094,24.9501953125,999.0939265900062,46.93341135881805,50.147
1784659523.6401975,24.9400390625,999.1289265176316,46.820919753248624,50.634
1784659538.7202227,24.9451171875,999.1210574924227,47.342378827116214,49.66
1784659553.8398905,24.9400390625,999.1299505460478,47.22429629345454,49.66
1784659568.9275856,24.8494140625,999.1294985136512,47.25935470869742,49.66
1784659584.0459418,24.8392578125,999.0943638831482,46.981298920222464,50.147
1784659599.1268673,24.9400390625,999.1490630871485,46.93933788035308,51.121
1784659614.2082741,24.9298828125,999.1333245571458,46.909586603285916,50.147
1784659629.2963738,24.8443359375,999.1379052045181,46.74358500182994,49.66
1784659644.3765445,24.925,999.1368816943337,47.09922718828913,51.121
1784659659.4566395,24.925,999.1307909878628,46.74358500182994,50.147
1784659674.5366993,24.919921875,999.1264788140107,47.00428745652383,49.66
1784659689.6599865,24.82421875,999.1549354555649,46.975134449303575,50.634
1784659704.7400825,24.919921875,999.1495998335017,47.04577014001347,50.147
1784659719.8201263,24.909765625,999.1722680134567,47.14645206829393,50.634
1784659734.9451532,24.819140625,999.157284280779,47.05218094750786,51.121
1784659750.0252898,24.919921875,999.1877856973617,46.97441866480363,50.634
1784659765.151129,24.8140625,999.1271313838716,46.53038366894918,50.147
1784659780.231789,24.8998046875,999.1806717561294,46.826267463756864,49.66
1784659795.3142755,24.8896484375,999.1733708486153,46.81424243946753,50.634
1784659810.4328043,24.7888671875,999.1941050715941,46.81464588897785,50.147
1784659825.5558965,24.7939453125,999.1895275739879,46.8384686578919,49.173
1784659840.6406572,24.7787109375,999.1967560802855,46.950417934479084,50.147
1784659855.7207954,24.8794921875,999.2366380702989,46.51194819902716,50.634
1784659870.8008473,24.86953125,999.1959994556214,46.464427474686104,49.66
1784659885.8812327,24.86953125,999.225210724629,46.837829165581034,51.121
1784659900.9682193,24.7787109375,999.2079941470746,46.70734649586584,50.634
1784659916.0483618,24.86953125,999.2750064081919,46.683754284823195,49.66
1784659931.173412,24.7787109375,999.27424914861,46.43506330700698,51.121
1784659946.2535899,24.854296875,999.2339128317686,46.68951174736751,49.66
1784659961.3336368,24.864453125,999.2453402917907,46.92659839310546,51.608
1784659976.4137294,24.874609375,999.242804702017,46.60062236163193,50.147
1784659991.4938254,24.854296875,999.2733002499886,46.499768626503254,50.147
1784660006.6098678,24.854296875,999.278704714098,46.559745160010245,50.634
1784660021.6899981,24.874609375,999.2720161339731,46.60067830093576,50.147
1784660036.7700973,24.86953125,999.3184459911885,46.82011004721587,50.147
1784660051.886367,24.864453125,999.265498601852,46.55376301627017,51.121
1784660066.9738076,24.7787109375,999.2925992173758,46.55321373956352,50.634
1784660082.0539718,24.864453125,999.3115956549927,46.4585010636811,49.66
1784660097.179231,24.773828125,999.3253678796569,46.44115220803306,49.66
1784660112.261267,24.86953125,999.321245320989,46.69560644648592,50.147
1784660127.3423529,24.859375,999.2890424639169,46.64210436400706,50.147
1784660142.4647691,24.7787109375,999.3028420999551,46.719821140268316,49.173
1784660157.5896351,24.76875,999.2928620730574,46.612974387160946,49.173
1784660172.714845,24.773828125,999.2839703339363,47.027690809675356,49.173
1784660187.8362439,24.773828125,999.2792690464227,46.61308633335001,48.199
1784660202.9617016,24.75859375,999.2814341712743,46.51798455136936,48.199
1784660218.0867739,24.763671875,999.3042900572055,46.66027391991805,48.686
1784660233.2122219,24.76875,999.2796558382433,46.43511728874277,48.199
1784660248.2942467,24.859375,999.2953982432097,46.52352793977499,47.712
1784660263.4165082,24.859375,999.3390991530962,46.4823703325632,49.173
1784660278.501287,24.76875,999.2992175065809,46.3100761893847,48.686
1784660293.5834692,24.8392578125,999.3177589546785,46.393097560921234,47.712
1784660308.7068093,24.7486328125,999.2845356403778,46.642271393820934,48.199
1784660323.828183,24.75859375,999.2929971525404,46.233546437592445,48.199
1784660338.9146104,24.753515625,999.2934272384997,46.55299416064755,48.686
1784660354.0394375,24.76875,999.302774174732,46.49416877917401,48.686
1784660369.167834,24.75859375,999.328993653696,46.83202038868724,48.199
1784660384.287753,24.753515625,999.3206893202596,46.83207889816056,47.712
1784660399.3710752,24.8494140625,999.3045525089441,46.54119561678875,48.686
1784660414.453075,24.8392578125,999.3558626231664,46.51760183122158,48.199
1784660429.57822,24.75859375,999.3467768749194,46.54163558325418,48.199
1784660444.6582482,24.8443359375,999.3325502972139,46.232983073287386,48.199
1784660459.7811942,24.7486328125,999.3051172758346,46.61280854214348,47.712
1784660474.861692,24.8494140625,999.3414419075987,46.677434788554336,49.173
1784660489.9869468,24.75859375,999.3490108937644,46.7608503212676,48.199
1784660505.0670393,24.8392578125,999.3525675670029,46.59452863974436,49.173
1784660520.1482089,24.8494140625,999.3602448072623,46.74848400117128,48.199
1784660535.2678115,24.7384765625,999.343608246105,46.79646439733425,48.686
1784660550.386262,24.7384765625,999.3631679107334,46.991897067814214,49.173
1784660565.5075035,24.7486328125,999.3593528139064,47.38901573168306,49.66
1784660580.58764,24.8443359375,999.3648209457701,47.068381649420026,50.147
1784660595.6676893,24.8392578125,999.3472325572816,47.19891113451233,49.173
1784660610.7479293,24.8443359375,999.3477966473745,46.410716886792784,49.66
1784660625.867992,24.8291015625,999.3525675670029,46.897146147585985,49.173
1784660640.9529984,24.7486328125,999.3798062103648,46.4936803374172,48.686
1784660656.0332956,24.8341796875,999.3754907157013,46.6773210442846,49.66
1784660671.1570697,24.753515625,999.401904918439,46.58295352695056,49.66
1784660686.2403367,24.8291015625,999.3772690110077,46.671395537841626,49.66
1784660701.3227463,24.819140625,999.3739726833456,46.90236374243561,49.173
1784660716.4451318,24.8291015625,999.3879387847538,47.07461091633042,48.686
1784660731.5253294,24.8140625,999.3658403435279,46.83132195213713,49.66
1784660746.6413376,24.819140625,999.4015270920496,46.67788497059267,50.147
1784660761.721474,24.8392578125,999.3757509497924,46.677207257251794,50.634
1784660776.8015785,24.819140625,999.3610685379442,46.6060481686935,50.147
1784660791.927233,24.7333984375,999.3914953767292,46.4287629634125,50.147
1784660807.0523372,24.7283203125,999.3763135300079,46.70711783147973,49.66
1784660822.1334834,24.80390625,999.3953118867018,46.777937000762826,50.147
1784660837.2149086,24.808984375,999.3646250419354,46.748255418610235,49.173
1784660852.2950542,24.8140625,999.3791106051149,46.81331481046199,49.66
1784660867.3751602,24.808984375,999.3953118867018,47.23414613547161,50.147
1784660882.4552443,24.808984375,999.4136565541771,46.730422312274456,50.634
1784660897.535306,24.80390625,999.3780917683457,46.89039738278113,49.173
1784660912.6153631,24.8140625,999.4161943906352,46.7364050415009,50.147
1784660927.695405,24.819140625,999.4077597613666,47.210448466464484,50.147
1784660942.817854,24.708203125,999.3909153130863,46.68347206648412,50.147
1784660957.8985536,24.808984375,999.4250856653728,46.564569934363206,50.147
1784660972.978646,24.7990234375,999.4291592182348,46.6235990780656,50.634
1784660988.0587206,24.80390625,999.4342355941329,47.020681046232454,49.66
1784661003.1840048,24.71328125,999.3753564413296,46.902658624125436,49.66
1784661018.264286,24.80390625,999.3923176783187,46.7718980529706,51.121
1784661033.3444018,24.80390625,999.3943549996258,46.60587979864855,50.147
1784661048.4245226,24.7939453125,999.4154347944225,47.239946354408325,49.66
1784661063.50911,24.718359375,999.3842473486324,46.913860500328816,49.66
1784661078.6252003,24.7888671875,999.4069179238676,46.95598598037867,50.147
1784661093.7053258,24.80390625,999.4251455514697,46.81314156434657,49.66
1784661108.8213406,24.80390625,999.386140576113,47.18107654539457,50.147
1784661123.9018312,24.7990234375,999.4263628021174,47.28721233386103,50.147
1784661138.982017,24.808984375,999.4287019192043,47.09751676484887,50.147
1784661154.0621407,24.7939453125,999.4565924203797,46.742157224005965,50.147
1784661169.143031,24.7888671875,999.4352538635876,46.86657967072975,50.634
1784661184.223751,24.7837890625,999.4583706340361,46.92582685531984,50.634
1784661199.3038597,24.7939453125,999.4477013534602,47.050242583874436,49.66
1784661214.3839855,24.808984375,999.4583706340361,47.00877118002489,48.686
1784661229.5052278,24.708203125,999.4655942263307,46.70113724921666,49.66
1784661244.6212966,24.7990234375,999.4452743146403,47.026907655953984,50.147
1784661259.7015376,24.7888671875,999.4439452537719,47.28702312340897,49.66
1784661274.8245862,24.6982421875,999.4617269617715,47.14540343839094,50.634
1784661289.9105988,24.703125,999.471835992045,47.40562579350143,49.173
1784661304.9907546,24.7787109375,999.4607092451641,47.103440995369624,49.66
1784661320.1151564,24.6982421875,999.4635051330711,46.61208375748614,50.634
1784661335.2330472,24.7837890625,999.4725030446613,47.329128017300576,50.147
1784661350.3532102,24.703125,999.503950206858,47.00332914656587,49.173
1784661365.4731507,24.7990234375,999.4866213682291,46.896498150145,49.66
1784661380.596732,24.6982421875,999.4797653134635,47.311100779727546,49.173
1784661395.7217367,24.6982421875,999.5082156193884,47.014997128852016,49.66
1784661410.845991,24.6931640625,999.5534306763684,47.28746528697682,49.173
1784661425.930517,24.6880859375,999.5356490654395,47.014454830363114,48.199
1784661441.0159757,24.6982421875,999.5409835477644,47.0618484653709,48.199
1784661456.1408386,24.6931640625,999.5372240749235,47.10368577364052,48.199
1784661471.2603645,24.6830078125,999.5545457683897,47.16299260984679,47.712
1784661486.3436522,24.773828125,999.5854375989268,46.82487368627515,48.686
1784661501.4640572,24.773828125,999.5989011246852,47.54220080562805,48.199
1784661516.54872,24.6982421875,999.6123643313585,47.363837762781934,48.199
1784661531.673362,24.6830078125,999.5798989354869,47.53008919162194,48.686
1784661546.796257,24.6779296875,999.5844713344809,47.16879204606625,47.712
1784661561.9209716,24.6779296875,999.6078402185209,47.334413498987715,47.712
1784661577.0462701,24.673046875,999.61673061233,47.19828774242311,48.199
1784661592.1720972,24.673046875,999.623589691157,47.085606659380886,48.686
1784661607.2522068,24.7435546875,999.6327333269073,47.037787341010656,48.686
1784661622.368314,24.7486328125,999.5972614301222,47.399639364289314,49.173
1784661637.4484475,24.7486328125,999.6520394327104,47.245241139275144,48.199
1784661652.5735667,24.6578125,999.6362894867011,47.12713781425954,49.173
1784661667.6987903,24.652734375,999.5964093892218,47.20402540796016,47.225
1784661682.7842593,24.66796875,999.602505983325,47.26288442369087,48.199
1784661697.9076347,24.6578125,999.6479732706562,47.13886171373706,49.173
1784661712.9878485,24.7384765625,999.602505983325,47.594579284770084,49.173
1784661728.1116707,24.662890625,999.5971717489467,47.39358541906628,48.199
1784661743.1933424,24.7384765625,999.5872654617805,47.274795065532814,49.66
1784661758.3142931,24.7283203125,999.5804068208566,47.63651161825621,49.173
1784661773.3944616,24.7435546875,999.5740567427512,47.68934330223297,48.686
1784661788.4745917,24.7486328125,999.6012363853844,47.67770314659796,49.173
1784661803.5906317,24.7486328125,999.5713554565681,47.51817544159458,49.173
1784661818.6707327,24.753515625,999.5755808050027,47.87900479636982,49.173
1784661833.7508452,24.753515625,999.5773589107166,47.67763475658478,49.66
1784661848.830931,24.75859375,999.6022524002485,47.33409363112246,50.147
1784661863.9567962,24.662890625,999.532399159894,47.6128186181104,49.66
1784661879.0370116,24.7435546875,999.5740567427512,47.45242830620454,49.66
1784661894.117873,24.7384765625,999.5633882835293,47.97361950703375,50.147
1784661909.237008,24.652734375,999.5431604933733,47.369890995532984,49.173
1784661924.3561416,24.6427734375,999.5472709112714,47.583202135749,49.66
1784661939.436212,24.7435546875,999.5489583758077,47.44038742134168,49.173
1784661954.5582469,24.7333984375,999.5395114017853,47.91474991903123,49.66
1784661969.638411,24.7333984375,999.5641982806297,47.70091643409064,49.66
1784661984.7184906,24.7283203125,999.554292474944,47.54699799992979,49.173
1784661999.7986038,24.7333984375,999.6060621400314,47.79594966474207,49.173
1784662014.9241374,24.6478515625,999.5964093892218,47.3994438005509,49.66
1784662030.004352,24.7333984375,999.5811690507153,47.87294106981226,49.173
1784662045.0844576,24.7384765625,999.5799473648592,47.79581280499718,49.66
1784662060.1661313,24.7333984375,999.5906156597883,47.97347869194014,49.66
1784662075.2464752,24.7384765625,999.56796038388,47.784035046372566,49.66
1784662090.3265476,24.7283203125,999.5720728113006,47.653605235892464,50.634
1784662105.4514294,24.6478515625,999.605092748478,47.93836894972818,49.66
1784662120.5317,24.7283203125,999.5758818278897,47.5823993497084,50.147
1784662135.6119173,24.718359375,999.5979806636626,47.61800208048822,50.147
1784662150.7349007,24.6326171875,999.5959949732215,47.654011500625714,50.147
1784662165.8151183,24.7234375,999.5987878573673,47.62957795530776,49.66
1784662180.895604,24.718359375,999.6426828702083,47.83698791306842,49.66
1784662195.9757512,24.718359375,999.6165675024573,47.95528550330057,51.121
1784662211.0558853,24.71328125,999.6124569764188,48.21005406456205,50.147
1784662226.1370008,24.71328125,999.6302369107639,47.860675870138664,51.608
1784662241.221755,24.6326171875,999.659448186829,48.07985469406399,49.66
1784662256.3420846,24.617578125,999.602424684386,47.79023621045167,50.147
1784662271.424216,24.7234375,999.6548773828669,47.93780344540897,49.66
1784662286.5043426,24.71328125,999.6284589169207,47.671167591990105,49.66
1784662301.5844882,24.708203125,999.6515728439641,47.59417683655016,50.147
1784662316.6646054,24.708203125,999.6528903254014,47.83099836597905,49.66
1784662331.7897172,24.6275390625,999.6213469424563,47.6598662392539,49.66
1784662346.8701088,24.718359375,999.6363340674804,47.75414811248982,49.66
1784662361.950513,24.708203125,999.6158041915338,48.0085078602864,49.66
1784662377.0736783,24.6125,999.659238687719,47.973547724084916,49.173
1784662392.1992524,24.62265625,999.6239304682806,48.009080174994565,50.634
1784662407.2793305,24.703125,999.6617802325786,48.02641728328472,50.634
1784662422.3594944,24.708203125,999.654668306655,48.056025230146716,50.147
1784662437.4397016,24.703125,999.6521268198769,48.067795404389976,49.66
1784662452.519988,24.71328125,999.6716844599389,47.98489373305365,50.147
1784662467.600059,24.708203125,999.6833663773656,48.2690443893604,50.147
1784662482.680165,24.6982421875,999.670920701703,47.88415384027705,50.147
1784662497.7602725,24.6982421875,999.6902279507996,47.9790440318831,50.634
1784662512.840683,24.6982421875,999.6787963317761,48.24543503468424,50.634
1784662527.9654968,24.62265625,999.6770183636805,48.1453581946791,50.147
1784662543.045593,24.708203125,999.6737127275019,48.15646846721974,50.147
1784662558.1260502,24.6982421875,999.668378910609,48.04988543734476,49.66
1784662573.2075717,24.6982421875,999.6950480032448,47.730116295142174,49.66
1784662588.3270466,24.62265625,999.7240818299158,48.24602856366249,50.634
1784662603.407191,24.708203125,999.6782427788515,48.36400593745513,49.173
1784662618.4872782,24.71328125,999.7226927157313,48.19821132395189,49.66
1784662633.6090045,24.718359375,999.6859082050662,47.85517397724997,49.173
1784662648.6891084,24.708203125,999.7226927157313,48.09162480157297,49.173
1784662663.8113613,24.71328125,999.6965760177254,48.05075216959987,49.66
1784662678.9368308,24.6275390625,999.7209147171666,48.127666045606894,49.66
1784662694.0169387,24.71328125,999.71334173897,47.72440149430743,51.121
1784662709.0970662,24.708203125,999.7311215864662,47.91390473320313,50.147
1784662724.1788387,24.703125,999.6843403325199,48.23973559581017,50.147
1784662739.259691,24.71328125,999.7191367186927,48.39953230239818,50.147
1784662754.3758638,24.71328125,999.7075300683528,48.0450448413532,50.147
1784662769.4560246,24.7333984375,999.7437786927724,48.06808426577384,51.121
1784662784.5361726,24.71328125,999.7381940750392,48.32878260998057,50.147
1784662799.6163464,24.7283203125,999.7562248942746,48.364158469611326,50.147
1784662814.6965466,24.7283203125,999.7671039094597,48.518337823168274,51.608
1784662829.7766347,24.7333984375,999.7346379612923,48.26956786955212,50.634
1784662844.858027,24.7384765625,999.7079671197679,48.35246821727652,50.147
1784662859.9384775,24.7384765625,999.7173179212738,48.24595368922992,49.66
1784662875.0185797,24.7384765625,999.7493231912205,48.31701252453244,50.634
1784662890.0987294,24.7435546875,999.7391669108371,48.67844460573085,49.173
1784662905.1783018,24.7435546875,999.7472940982884,48.49480849557956,49.66
1784662920.2587707,24.7384765625,999.710205643059,48.37030567603341,50.634
1784662935.3407829,24.7435546875,999.7320544554699,48.376456112045034,51.121
1784662950.4209678,24.7486328125,999.7091908425245,48.654601214162284,50.634
1784662965.504025,24.7435546875,999.7178295490946,48.42382863083301,50.147
1784662980.5841362,24.7435546875,999.6947140886305,48.364612879168945,49.66
1784662995.7093883,24.673046875,999.7284982283313,48.862641177339505,49.66
1784663010.7895255,24.75859375,999.7366254996367,48.42967321307925,49.66
1784663025.869953,24.7486328125,999.7109689262809,48.37630343851806,49.173
1784663040.9550226,24.662890625,999.7117321154963,48.35861511742163,50.147
1784663056.035264,24.7486328125,999.6860757619556,48.22826342109637,50.147
1784663071.159418,24.6578125,999.7239696222308,48.270313150491845,50.634
1784663086.244805,24.6578125,999.6530993589842,48.417449087268515,50.147
1784663101.3248587,24.7333984375,999.7305278535944,48.2993234342191,49.173
1784663116.4467025,24.6478515625,999.7116016569537,48.199246098012814,50.634
1784663131.526931,24.7486328125,999.7511012626358,48.33477700122094,50.147
1784663146.6071162,24.7384765625,999.7221915660382,48.210352097425684,50.634
1784663161.6871934,24.7283203125,999.7135522219339,48.310867016316784,49.66
1784663176.8124614,24.6376953125,999.7767970294751,48.264090924944036,50.147
1784663191.937886,24.6376953125,999.7420006643496,48.34707295319978,49.66
1784663207.0180888,24.7333984375,999.7729912431859,48.08000075348873,49.66
1784663222.0982358,24.7283203125,999.7694351546659,48.026704238586454,50.147
1784663237.1797578,24.7384765625,999.7811173106273,48.150987642609,51.121
1784663252.299185,24.6275390625,999.75476743989,48.187104911353345,50.147
1784663267.379266,24.7283203125,999.7765473320688,48.15106147344853,50.147
1784663282.4593236,24.7283203125,999.7580029234239,47.837128482476494,50.147
1784663297.539414,24.7234375,999.7475847051728,48.29887330384301,51.121
1784663312.6194777,24.718359375,999.8174423803315,48.121453020674984,50.147
1784663327.6995945,24.7234375,999.7519048176799,48.00879410150155,50.147
1784663342.8156586,24.7234375,999.7707681606278,48.151646063100955,50.147
1784663357.939818,24.6427734375,999.765364708527,48.24632507658326,50.634
1784663373.019994,24.7283203125,999.7694351546659,48.31094266159173,50.147
1784663388.1010265,24.7283203125,999.7625729062701,48.1153844332663,50.147
1784663403.1822152,24.7234375,999.7722271598868,48.00886633005317,51.608
1784663418.2623856,24.718359375,999.7580029234239,48.03255362813957,49.66
1784663433.343912,24.718359375,999.7988976189187,48.11545787156162,50.147
1784663448.4308944,24.6326171875,999.8075383657057,47.92610202998291,50.147
1784663463.5558615,24.6326171875,999.8176914160614,47.920532999325694,48.199
1784663478.678586,24.6376953125,999.7971890273536,48.2048710692652,49.173
1784663493.7634077,24.6275390625,999.811131012564,47.984965724413655,48.686
1784663508.8891492,24.6376953125,999.839027636827,47.991529917652954,48.686
1784663523.9744256,24.6326171875,999.8044807478688,48.23373942198989,48.686
1784663539.059468,24.6275390625,999.818704773071,48.20413269941499,48.686
1784663554.184809,24.6478515625,999.8194694339592,48.38837575877453,48.199
1784663569.305301,24.6427734375,999.8264007642973,48.19902331074291,48.686
1784663584.3886137,24.7333984375,999.8380143291226,48.364158469611326,48.199
1784663599.5106096,24.7234375,999.815664333756,47.991601870173795,47.712
1784663614.6328342,24.7234375,999.839792362449,48.115895455022944,48.199
1784663629.7579525,24.6478515625,999.8138862872712,48.329082932910865,48.686
1784663644.8452966,24.6376953125,999.8070233105818,48.05024629436446,47.712
1784663659.9700892,24.6376953125,999.8291241638535,48.2817090934305,47.225
1784663675.095547,24.6326171875,999.8194694339592,47.9380862814311,48.199
1784663690.2202697,24.6326171875,999.8157001478005,47.98553573971272,47.712
1784663705.3003116,24.71328125,999.8319155617858,48.47066139906304,48.199
1784663720.3804064,24.7234375,999.8080367536245,48.162682854536406,47.712
1784663735.501526,24.62265625,999.8236411269266,48.51265032372112,48.686
1784663750.5826895,24.718359375,999.8344582627426,48.54179061210112,48.686
1784663765.6650243,24.71328125,999.7874651256928,48.57723724677634,48.199
1784663780.784206,24.71328125,999.7501268032325,48.44167021500523,48.686
1784663795.8647206,24.7234375,999.8255680983815,48.091771151199815,48.199
1784663810.9448144,24.7234375,999.7803530611844,48.42921433338928,50.634
1784663826.0291147,24.6376953125,999.7955907350683,48.48242570968616,49.66
1784663841.1093655,24.718359375,999.8352228510806,48.85566653251279,49.173
1784663856.234629,24.6478515625,999.7963552083712,48.24632507658326,49.66
1784663871.3147638,24.7283203125,999.7767970294751,48.52394974072887,50.634
1784663886.3959353,24.7283203125,999.7968700043056,48.51826284634119,49.173
1784663901.4760778,24.7333984375,999.7943277819329,48.00893854791762,49.66
1784663916.5561244,24.7333984375,999.8006756502472,48.13322280350961,49.173
1784663931.6361842,24.7283203125,999.7907716912335,48.55371082500713,49.173
1784663946.7162256,24.7333984375,999.8164286693697,48.636682629237065,50.147
1784663961.7962997,24.7283203125,999.8217628526578,48.18074382447573,50.147
1784663976.87672,24.7283203125,999.7933138845651,48.15113529360127,49.66
1784663991.992714,24.7283203125,999.8256352533438,48.341302852454874,50.147
1784664007.0728035,24.7435546875,999.8270970367631,48.56563125471457,50.147
1784664022.1540656,24.7333984375,999.8466557188082,48.340625434262506,49.66
1784664037.2351916,24.7234375,999.8044807478688,48.245582038807555,49.173
1784664052.3153617,24.71328125,999.8174423803315,48.340549463686045,50.634
1784664067.3954427,24.7234375,999.8326802296889,48.364158469611326,49.66
1784664082.4755635,24.7234375,999.8281106616913,48.54778985662458,49.66
1784664097.5556667,24.7283203125,999.8077877764695,48.488501944264435,49.66
1784664112.635814,24.7234375,999.8461397133213,48.52394974072887,50.634
1784664127.7159085,24.718359375,999.8540166323278,48.145066039892384,50.147
1784664142.7960167,24.7234375,999.8418188264191,48.32847920113459,49.173
1784664157.8751924,24.7283203125,999.823025470027,48.37592450617972,50.147
1784664172.959968,24.6376953125,999.8382628172128,48.39953230239818,50.634
1784664188.040041,24.718359375,999.820020960147,48.03826049297696,50.147
1784664203.1201055,24.718359375,999.871796977849,48.88518642651306,49.66
1784664218.2451794,24.6427734375,999.8326802296889,48.29947436061995,49.66
1784664233.325294,24.718359375,999.8560428668758,48.33440034964479,49.66
1784664248.405395,24.718359375,999.8639199109134,48.26342101571901,49.173
1784664263.5250726,24.718359375,999.8636716231671,48.637076070710734,49.66
1784664278.6052139,24.7234375,999.839792362449,48.28718165773437,50.147
1784664293.6853635,24.718359375,999.8380143291226,48.52402781567081,50.634
1784664308.7654347,24.7234375,999.8148999041446,48.54179061210112,50.147
1784664323.8458443,24.7283203125,999.8781440755246,48.5002661364846,50.634
1784664338.925986,24.7283203125,999.840556994076,48.61291994141159,51.121
1784664354.0061328,24.718359375,999.839792362449,48.42337021542565,50.147
1784664369.12264,24.7283203125,999.8289746687296,48.44759176966237,50.147
1784664384.2441072,24.617578125,999.8619875829207,47.81950212640586,49.173
1784664399.3241735,24.6982421875,999.8631872119964,47.84256067947435,49.66
1784664414.4044154,24.6880859375,999.8134050847785,48.03797004385688,50.147
1784664429.485735,24.6880859375,999.8317344775463,48.12072325284913,49.66
1784664444.5731816,24.5974609375,999.8530693387133,48.298350095173596,49.173
1784664459.6959,24.5974609375,999.8716692667367,48.37000336268616,49.173
1784664474.8193636,24.5923828125,999.852303611318,48.15690923500911,49.173
1784664489.945192,24.5873046875,999.8408705308889,48.03240862267222,48.199
1784664505.0702214,24.5923828125,999.8975170081358,48.42314234528611,48.199
1784664520.195652,24.5923828125,999.8223260885838,47.979185082825474,48.686
1784664535.2764316,24.6830078125,999.8807498823397,48.22130485992238,48.199
1784664550.396919,24.5974609375,999.8823359374901,48.26934234490553,48.686
1784664565.518761,24.6830078125,999.9236370336008,48.340321487838935,48.199
1784664580.600388,24.6779296875,999.8949730265664,48.30419514592576,48.199
1784664595.7252312,24.5822265625,999.8987741912638,48.18030158155458,47.712
1784664610.8103337,24.5923828125,999.8700825279831,48.387083410349355,48.199
1784664625.9359539,24.5873046875,999.8708767575524,48.12693603100321,47.712
1784664641.016043,24.662890625,999.8894215329336,47.94872456721906,48.686
1784664656.09613,24.6578125,999.9224077277983,48.12072325284913,48.686
1784664671.2208822,24.5873046875,999.9429761812297,48.150839948869574,48.199
1784664686.3392844,24.5873046875,999.9252459010826,48.28710627056744,48.199
1784664701.419362,24.6830078125,999.8967509200033,48.28051241335131,48.686
1784664716.499417,24.673046875,999.9455205548476,48.44636537261549,48.686
1784664731.579484,24.6880859375,999.974733746912,48.576692248513645,48.686
1784664746.700804,24.60234375,999.9681338555658,48.3939176328407,49.66
1784664761.7808871,24.6982421875,999.9089505379795,48.70693684599799,49.173
1784664776.9059653,24.60234375,999.9765116732026,48.57739459536986,49.66
1784664791.9861157,24.6931640625,1000.0138481462827,48.73061714554233,50.147
1784664807.0662138,24.6880859375,999.9960688683939,48.582612565794044,49.66
1784664822.1470659,24.6982421875,1000.0148591280572,48.404921744740044,49.66
1784664837.2279804,24.6830078125,999.9711778946028,48.49380672354953,48.686
1784664852.3080745,24.6880859375,1000.0107560787781,48.304419256314155,49.66
1784664867.3881912,24.6880859375,1000.015626074571,48.45236320294057,50.634
1784664882.4682744,24.6880859375,999.9437426445298,48.031906350571084,50.634
1784664897.5533304,24.5923828125,999.9998688946844,48.20354239276713,49.66
1784664912.633518,24.66796875,1000.0316274332508,48.37539532376205,49.66
1784664927.758159,24.607421875,999.947298465256,48.32847920113459,49.66
1784664942.8386698,24.6779296875,1000.0052025913371,48.1265706290861,49.66
1784664957.9189227,24.673046875,999.9909794020788,48.15025443433556,49.66
1784664973.0440547,24.5873046875,1000.0303364354035,48.286958364700354,49.173
1784664988.124794,24.673046875,999.972433621107,48.546855190246184,49.173
1784665003.2059658,24.673046875,999.9991018756714,48.38700677479252,49.173
1784665018.2861705,24.66796875,999.9866566876659,48.33372229878171,48.686
1784665033.367932,24.66796875,999.9732004236769,48.45812888512852,49.66
1784665048.4480777,24.662890625,999.9609995150436,48.20931397557268,50.147
1784665063.528237,24.66796875,999.9681109876997,48.16194810042774,49.66
1784665078.644312,24.6779296875,999.9440336139727,48.138997001938584,49.66
1784665093.724384,24.6779296875,999.9605356251833,48.13227316333726,49.66
1784665108.8472788,24.572265625,999.9770003305625,48.2514312114194,50.147
1784665123.9718976,24.5771484375,999.9793248708073,48.061728161261556,49.66
1784665139.0520484,24.6578125,999.9501124130736,48.05515655956108,50.147
1784665154.1772912,24.562109375,999.9617899757053,48.499727185235066,49.173
1784665169.2574666,24.6478515625,999.9777902785191,48.01955927834727,49.66
1784665184.3375607,24.652734375,999.9859118295947,48.20894353647065,49.66
1784665199.417643,24.6427734375,999.9730027708398,48.32727555497624,49.66
1784665214.5365648,24.551953125,999.9948365520354,48.47019933559401,50.147
1784665229.616727,24.652734375,999.9963358887964,48.22685432835178,48.686
1784665244.6968288,24.6578125,1000.0169021607979,48.06692500373349,50.634
1784665259.776987,24.6427734375,1000.0009018400094,47.91298398303679,50.147
1784665274.8573644,24.6427734375,999.9983564168163,48.03724876835345,49.66
1784665289.937821,24.6478515625,1000.0547809014852,47.94244799495444,50.634
1784665305.0628603,24.551953125,1000.0316696711789,48.268746266103925,49.173
1784665320.1439326,24.6427734375,999.9996695314661,48.161509024750714,50.634
1784665335.2247784,24.6376953125,1000.0816716975141,48.94315487645403,50.147
1784665350.3063397,24.6427734375,1000.029104445746,48.179564618836636,49.66
1784665365.424789,24.562109375,1000.0248165711168,48.50580052325532,50.634
1784665380.547794,24.55703125,1000.0258255299469,48.32225764853759,49.66
1784665395.6279635,24.6578125,1000.0656712174471,48.50510470699555,50.147
1784665410.7080219,24.6478515625,1000.0748018359083,48.61742380767447,50.634
1784665425.832986,24.562109375,1000.0311246743387,48.558774098619644,49.173
1784665440.9184601,24.55703125,1000.0250234044125,48.49310892265918,49.173
1784665456.0432673,24.551953125,1000.0077905729092,48.54101339518964,49.66
1784665471.169333,24.5470703125,1000.0575681894131,48.23899227863956,49.66
1784665486.2542226,24.5419921875,1000.0080322664046,48.557915139214465,49.66
1784665501.3343868,24.6275390625,1000.04791101498,48.18504157101411,49.66
1784665516.4144666,24.617578125,1000.0463741149135,48.46312443184887,49.66
1784665531.4946117,24.6125,1000.008576572218,48.338737623840515,49.66
1784665546.5747526,24.6125,1000.0603553260434,48.4751190866944,50.147
1784665561.690802,24.607421875,1000.0192703711373,48.19732641108311,50.147
1784665576.8160944,24.5267578125,1000.0344736922336,48.6117418798053,50.147
1784665591.941522,24.5267578125,1000.0570404938293,48.1914802736265,50.147
1784665607.0216787,24.62265625,1000.0481518445059,48.504561259515974,49.66
1784665622.1089158,24.5267578125,1000.0641514149218,48.83603769156816,50.147
1784665637.1900034,24.6125,1000.0248001633776,48.291603535414396,50.147
1784665652.272373,24.617578125,1000.018457199026,48.62910720012486,50.147
1784665667.3524938,24.6275390625,1000.0565398801335,48.65326033799212,50.634
1784665682.4325757,24.6427734375,1000.0600955983637,48.50526073979144,50.147
1784665697.5543106,24.5671875,1000.1055817933593,48.67149284569594,50.634
1784665712.6344547,24.652734375,1000.1146820587242,48.62342283753422,50.147
1784665727.7145133,24.652734375,1000.0819130462176,48.220784235272454,50.634
1784665742.8409011,24.551953125,1000.1192469241709,48.72445572232469,51.121
1784665757.9215786,24.6326171875,1000.1085800978135,48.94298885805728,50.634
1784665773.0375998,24.6478515625,1000.0903637136353,48.333798329574726,50.147
1784665788.1181328,24.6376953125,1000.0941327642081,48.76517184361101,50.147
1784665803.1977508,24.6376953125,1000.1223368934219,48.4811943795056,50.634
1784665818.2778406,24.6326171875,1000.1210388359474,48.27369249963739,50.147
1784665833.3598487,24.617578125,1000.1634655031078,48.39816215877369,50.147
1784665848.4399965,24.6275390625,1000.1294480580932,48.36279590245323,50.147
1784665863.5201018,24.6275390625,1000.1190214238248,48.82436324180086,51.121
1784665878.6001632,24.6275390625,1000.1482347452002,48.35679948607392,49.66
1784665893.680233,24.6326171875,1000.152559353306,48.729817754669654,49.66
1784665908.7677956,24.5318359375,1000.1459271118749,48.39208869463586,50.634
1784665923.8483279,24.62265625,1000.169807162366,48.56383461916387,50.634
1784665938.9285371,24.617578125,1000.134025074474,48.622793556205984,50.147
1784665954.0086956,24.607421875,1000.1713569162014,48.46297213482851,49.66
1784665969.0887918,24.5974609375,1000.1731346239488,48.37417920834387,50.634
1784665984.1704054,24.60234375,1000.1492548015767,48.85355135867611,50.634
1784665999.2511163,24.5923828125,1000.163714235928,48.373949227664006,49.66
1784666014.3311927,24.5822265625,1000.1032737075694,48.54560761339985,50.634
1784666029.4498568,24.4966796875,1000.1401504181189,48.71789847605617,49.66
1784666044.5372365,24.506640625,1000.1678100739566,48.231733297518346,50.147
1784666059.6174493,24.5822265625,1000.1548259163536,48.640311976608636,50.147
1784666074.6975892,24.5873046875,1000.1368202481499,48.44475182096829,49.66
1784666089.8194222,24.5873046875,1000.1838088027532,48.3269712978003,49.173
1784666104.9452443,24.4814453125,1000.1596988055928,48.64647016454006,50.147
1784666120.0254424,24.5671875,1000.156611018865,48.61624190147233,50.147
1784666135.1447012,24.4763671875,1000.1655052867309,48.664227512525905,50.634
1784666150.2295356,24.46640625,1000.1510473109083,48.64559857632875,49.66
1784666165.309714,24.55703125,1000.1287096249631,48.68710742357708,49.66
1784666180.3897717,24.551953125,1000.1429301297281,48.80547321438362,50.147
1784666195.469878,24.562109375,1000.1081490613234,48.994933702000765,50.634
1784666210.5526671,24.562109375,1000.1716022620479,48.663670772722575,50.147
1784666225.6781096,24.4763671875,1000.1340423135694,48.56360131360598,50.634
1784666240.8032808,24.46640625,1000.1342787679454,48.604956721716746,49.173
1784666255.8839457,24.562109375,1000.1563799597668,48.89416218364692,49.66
1784666270.9640777,24.55703125,1000.1396113710666,48.96509353266157,49.173
1784666286.0441582,24.551953125,1000.1032902491256,49.12478435855731,49.66
1784666301.1677866,24.451171875,1000.12415286499,48.82963407831089,48.686
1784666316.2512114,24.5470703125,1000.1081553192116,48.598016126832746,49.66
1784666331.3313413,24.5470703125,1000.12462047485,49.118866925108996,49.66
1784666346.4114876,24.5369140625,1000.0890701059025,48.71053912360986,50.147
1784666361.4988265,24.45625,1000.1117103287495,49.09511537335644,49.66
1784666376.6241822,24.451171875,1000.1162720920121,48.977510954339124,50.147
1784666391.7461817,24.5419921875,1000.1325012337531,49.119460116499575,49.173
1784666406.8263903,24.5369140625,1000.1048363903853,48.83457503699674,49.66
1784666421.9068682,24.5267578125,1000.1477282341318,48.98868078134888,50.147
1784666437.025819,24.45625,1000.1289512243255,49.078203904223656,49.66
1784666452.1059642,24.5470703125,1000.073612341277,48.74588890232981,50.147
1784666467.2315753,24.451171875,1000.1162720920121,49.01902226193911,49.173
1784666482.3118134,24.5470703125,1000.0949422101108,49.23704376488721,49.173
1784666497.3919702,24.5419921875,1000.1251544996792,48.91199890056884,50.147
1784666512.4720552,24.55703125,1000.1406181527193,48.78747420060371,49.66
1784666527.5971663,24.461328125,1000.1200584969487,49.16122440047353,50.634
1784666542.6773164,24.55703125,1000.129953033323,49.14845398927158,50.147
1784666557.8002758,24.461328125,1000.0824997850365,48.80004122094429,49.66
1784666572.8795285,24.5470703125,1000.0837375536913,48.92950361219474,50.147
1784666587.9597511,24.5419921875,1000.1413889056219,48.54490561270829,50.147
1784666603.0850608,24.4412109375,1000.1111753833823,48.76444832563341,50.147
1784666618.208751,24.451171875,1000.1208336756265,48.71101950544446,49.173
1784666633.290816,24.5318359375,1000.1490379508114,48.75780595925264,49.173
1784666648.4136114,24.521875,1000.13250492988,48.52154221205208,48.199
1784666663.5387254,24.4462890625,1000.1429344627651,49.119460116499575,48.199
1784666678.6638293,24.4412109375,1000.1190561991257,48.71078091161354,48.199
1784666693.789198,24.4412109375,1000.1083913420258,48.78787836188589,48.686
1784666708.9149241,24.45625,1000.1198270735995,48.527617951123844,48.199
1784666724.0362082,24.4462890625,1000.1099373392083,48.432836252236385,48.686
1784666739.160013,24.4361328125,1000.1208336756265,48.83514600319177,48.686
1784666754.244615,24.4361328125,1000.0974943596842,48.86983701018775,48.199
1784666769.364859,24.4259765625,1000.1228457671278,48.63399779943045,48.686
1784666784.4842498,24.5267578125,1000.1101688179823,48.68710742357708,47.225
1784666799.566405,24.516796875,1000.1378373185462,48.55043307519671,48.199
1784666814.6539423,24.4310546875,1000.1032945906352,48.7042212107302,48.199
1784666829.7791078,24.42109375,1000.1637278367284,48.426610808969876,47.712
1784666844.903858,24.4259765625,1000.1093979217641,48.77588215325442,46.738
1784666860.0252204,24.42109375,1000.1454814985455,48.63399779943045,47.712
1784666875.1511369,24.42109375,1000.1536007021886,48.93550453491466,48.199
1784666890.2354753,24.4259765625,1000.1370660975799,48.89358639223555,47.712
1784666905.3155568,24.51171875,1000.1259332951354,48.77515611255937,47.712
1784666920.431538,24.506640625,1000.1774727765084,48.85273617853514,47.712
1784666935.511684,24.51171875,1000.1708376372828,49.06518947167091,48.686
1784666950.5966403,24.4259765625,1000.1607103877733,48.84608480736191,48.686
1784666965.6768053,24.506640625,1000.1662767385591,48.704301803250836,48.199
1784666980.7616744,24.4259765625,1000.1873717216461,48.757321932412,48.686
1784666995.842076,24.5015625,1000.1982711138414,48.751644625520136,49.173
1784667010.922243,24.506640625,1000.158932966241,49.041354969684804,49.173
1784667026.0023863,24.506640625,1000.2219148737847,48.946763296734446,49.173
1784667041.0825102,24.516796875,1000.2739299084791,48.75156349555275,50.147
1784667056.1637695,24.51171875,1000.2241611877206,48.946843447941994,50.147
1784667071.2447,24.5015625,1000.2335847487236,49.047272072124336,49.66
1784667086.3248384,24.5015625,1000.2541413908832,48.964348120165,49.66
1784667101.4049318,24.4966796875,1000.2533688290596,48.65656102006882,49.66
1784667116.485,24.4966796875,1000.2693654104968,48.71573693610969,50.147
1784667131.6092176,24.4109375,1000.2871393984916,48.66911182213745,48.686
1784667146.6898603,24.5015625,1000.2853619992837,48.94651316147492,49.66
1784667161.77005,24.4966796875,1000.294017261303,48.88750668875564,49.173
1784667176.8910062,24.416015625,1000.2868915537873,49.15445701582923,49.173
1784667191.9713848,24.506640625,1000.2818072011403,48.88734126469697,49.173
1784667207.0513961,24.4865234375,1000.2627908051701,48.53805158685399,50.147
1784667222.1324146,24.4865234375,1000.3023629357423,48.62689290342635,49.173
1784667237.2135942,24.4814453125,1000.3041403214286,48.56179837768858,49.173
1784667252.2936532,24.4814453125,1000.2886782171059,48.79833943800792,48.686
1784667267.3736806,24.4763671875,1000.3011197163485,49.319012858883724,49.66
1784667282.454939,24.471484375,1000.2930061046236,49.07060442132757,48.686
1784667297.5351365,24.4814453125,1000.289912845846,49.14717893825883,49.66
1784667312.615308,24.471484375,1000.3163424664249,48.940265830127444,50.147
1784667327.6960394,24.4763671875,1000.3054477061381,49.041020342630965,49.173
1784667342.7761807,24.4865234375,1000.2853543176153,48.80409298054226,49.66
1784667357.856511,24.471484375,1000.2993423590416,48.904847311768684,49.173
1784667372.9812841,24.3857421875,1000.2444758029302,48.66871406423058,49.173
1784667388.0614502,24.4763671875,1000.2861276359554,48.81600902857553,49.173
1784667403.1867568,24.3908203125,1000.2782450072659,49.42020280670246,49.66
1784667418.2671795,24.4763671875,1000.3232214302996,49.153438471067524,49.66
1784667433.349173,24.46640625,1000.3171159361929,49.12376967794073,50.147
1784667448.4293242,24.46640625,1000.2807956097708,49.45499559569001,49.66
1784667463.5505297,24.3755859375,1000.2667849926271,48.899503884096525,49.173
1784667478.6306155,24.4763671875,1000.2541354910976,48.85742846736497,49.173
1784667493.7466514,24.4763671875,1000.2337927728411,49.177700341882236,49.66
1784667508.8266964,24.4814453125,1000.2559128317074,48.95801643080228,49.173
1784667523.9071183,24.4814453125,1000.2485718497946,49.100188242390615,50.634
1784667538.987265,24.4763671875,1000.2221433756366,49.2538461214255,49.173
1784667554.067362,24.4865234375,1000.2239207146133,48.963933277084145,49.173
1784667569.1484818,24.4763671875,1000.2264707875823,48.79833943800792,49.66
1784667584.2295814,24.471484375,1000.2264707875823,49.295347616465676,49.66
1784667599.3096519,24.4763671875,1000.2188259108361,49.206770908870325,49.66
1784667614.38976,24.4865234375,1000.196255790489,49.45508480305146,50.147
1784667629.4698634,24.4865234375,1000.2312675826937,49.248186979105846,49.173
1784667644.549943,24.4814453125,1000.2165792214322,49.484754471556236,49.66
1784667659.63003,24.4865234375,1000.2041376516747,49.188938159778395,50.147
1784667674.7102022,24.4814453125,1000.1893787503828,49.2537591866796,48.686
1784667689.7903788,24.471484375,1000.2205976839651,49.09984750971591,49.66
1784667704.870751,24.471484375,1000.2219051557785,49.283169187468346,49.66
1784667719.9512534,24.461328125,1000.2205976839651,48.99926603437624,50.634
1784667735.031342,24.461328125,1000.2168043401824,49.099595126346806,49.66
1784667750.1113892,24.451171875,1000.2371276028242,49.425063364502556,49.173
1784667765.1929162,24.4462890625,1000.2406821683912,49.18842426854521,49.66
1784667780.2732224,24.451171875,1000.2307916384369,49.11159836713441,49.173
1784667795.3534377,24.45625,1000.2195855936807,48.98118375002489,49.173
1784667810.4336498,24.451171875,1000.1957081246059,49.211829367133106,49.66
1784667825.5136962,24.4412109375,1000.2462443991742,49.12909077455805,49.173
1784667840.5948265,24.4361328125,1000.2365731217194,49.05167473649129,49.66
1784667855.6749997,24.4259765625,1000.2348073696079,49.24732482634176,48.686
1784667870.7962563,24.350390625,1000.272100969029,49.1416051590545,49.173
1784667885.8790953,24.4462890625,1000.2193455684283,49.17024869179736,49.173
1784667901.0008705,24.3455078125,1000.2414188507964,49.45499559569001,48.686
1784667916.0811677,24.4361328125,1000.223903487105,49.38312522973594,49.66
1784667931.1965017,24.4259765625,1000.2152179966538,49.33049754392128,49.66
1784667946.2782972,24.42109375,1000.2406720996792,49.28264857414161,49.66
1784667961.399099,24.3353515625,1000.2540857097785,49.38382618874515,49.173
1784667976.4795058,24.4259765625,1000.279238383136,49.300567319685975,49.66
1784667991.559635,24.4361328125,1000.2640169475101,49.06401247713108,49.66
1784668006.6397,24.4361328125,1000.2701223989957,49.51962438769495,50.634
1784668021.7197948,24.4412109375,1000.2807860205567,49.41314301095527,48.686
1784668036.799957,24.45625,1000.2807860205567,49.14100877000374,50.147
1784668051.8803077,24.451171875,1000.2841105820198,49.27725309654292,49.66
1784668066.9604042,24.4462890625,1000.2561439035886,49.389742158767014,50.147
1784668082.0405667,24.4462890625,1000.292223409895,49.35407336677804,49.66
1784668097.164153,24.370703125,1000.2584550016701,49.22469381764362,49.173
1784668112.244828,24.461328125,1000.2739170270097,49.14126254575638,49.66
1784668127.32488,24.46640625,1000.2868915537873,49.040516461616924,49.66
1784668142.4049149,24.461328125,1000.2521192060715,48.94593555924955,49.66
1784668157.4850466,24.45625,1000.2389048855624,49.22392118394116,50.147
1784668172.5651417,24.45625,1000.2650304641651,49.25367224124976,49.66
1784668187.6452637,24.45625,1000.2602322854971,49.15292698220726,48.199
1784668202.7301419,24.35546875,1000.250572434617,49.44863717413539,49.173
1784668217.8103473,24.45625,1000.263786853423,49.34224155623539,49.66
1784668232.894862,24.365625,1000.227467945413,49.70891637004187,50.147
1784668248.0202408,24.365625,1000.2353503201768,49.3961858976252,49.66
1784668263.100294,24.45625,1000.2059013485447,49.05792989314635,49.66
1784668278.1820104,24.4412109375,1000.2434633593828,49.419058730577895,49.173
1784668293.266239,24.3353515625,1000.1797037887774,49.15815901034088,49.66
1784668308.348684,24.42109375,1000.218330657486,49.388778287663015,49.173
1784668323.42882,24.4109375,1000.2236621179119,49.459760352975586,49.173
1784668338.508821,24.4109375,1000.2175565994902,49.23489185277952,50.147
1784668353.5888498,24.4109375,1000.2327765716847,49.116495561934684,50.147
1784668368.6689148,24.405859375,1000.2576563347598,49.140157773426225,49.66
1784668383.753095,24.2849609375,1000.2193192908015,48.997848385378994,50.147
1784668398.8325403,24.3806640625,1000.2050862589504,49.19854045247285,49.66
1784668413.912999,24.365625,1000.1944242876148,49.17488105020811,49.173
1784668429.038013,24.26484375,1000.1956530377828,49.311443926016175,49.173
1784668444.16115,24.2546875,1000.1961825286531,49.21080019337547,48.686
1784668459.246503,24.2447265625,1000.223837619658,49.19802411667461,50.147
1784668474.3265736,24.3302734375,1000.2134015322856,49.15645049018426,49.66
1784668489.4080138,24.3251953125,1000.1849714420455,49.11504966651426,49.66
1784668504.488198,24.315234375,1000.1862758302408,49.02033591906174,49.173
1784668519.5684223,24.31015625,1000.1961611579712,49.20359495157936,49.66
1784668534.6485822,24.31015625,1000.2113767376024,49.20942227464964,49.66
1784668549.764574,24.3,1000.1943338582562,49.52384052301216,49.66
1784668564.889882,24.2244140625,1000.1943843057539,49.180709533047676,50.147
1784668579.974956,24.2244140625,1000.1641778319353,49.150367155556864,49.173
1784668595.0552087,24.3,1000.1405494725211,48.93761185000025,49.66
1784668610.1359992,24.31015625,1000.1831945621764,49.35753302784725,49.66
1784668625.2171595,24.305078125,1000.1702840385968,48.925701967482034,50.147
1784668640.3364508,24.204296875,1000.1323727931533,49.204455277290805,49.66
1784668655.4165373,24.315234375,1000.1359740120288,49.008253195091406,50.147
1784668670.4967303,24.2849609375,1000.1369751420758,48.77158873472512,49.66
1784668685.5768437,24.2900390625,1000.1456337695881,49.34544329373104,49.66
1784668700.656957,24.305078125,1000.1311930232795,49.25099513229015,50.147
1784668715.737016,24.3,1000.148186179935,48.8901303687404,50.147
1784668730.8171337,24.2951171875,1000.1651996167732,49.20985295524171,50.147
1784668745.9364638,24.3203125,1000.139547803408,49.127647519333784,49.173
1784668761.056798,24.2345703125,1000.1527183414111,49.11598540003438,50.147
1784668776.1377194,24.3302734375,1000.1502091569477,49.24525203815399,50.147
1784668791.2210615,24.3203125,1000.1517594657043,49.582531287840524,50.634
1784668806.3013623,24.3203125,1000.173082528846,49.28682704695036,51.608
1784668821.381484,24.3302734375,1000.1928742791808,49.26342830147609,50.147
1784668836.461637,24.3302734375,1000.133215293189,49.16845184004374,50.147
1784668851.5416827,24.3353515625,1000.1507575436332,49.085818808292764,50.147
1784668866.621724,24.3203125,1000.16264740687,49.162451108442035,50.634
1784668881.7017872,24.315234375,1000.1441032279974,49.209679379202484,50.634
1784668896.786786,24.214453125,1000.1588472804523,49.37510106513484,49.66
1784668911.9123747,24.2345703125,1000.1707564056311,49.523930790523,50.147
1784668926.992497,24.3203125,1000.1644243000788,49.32213680850435,50.634
1784668942.072057,24.315234375,1000.1679780867685,49.6651399656473,50.147
1784668957.154454,24.3203125,1000.1507385254517,49.168196191089976,50.147
1784668972.2380419,24.204296875,1000.1547644966024,49.233336395477515,49.66
1784668987.3180926,24.305078125,1000.1489616611645,49.41067310510451,49.66
1784669002.4371064,24.2294921875,1000.1377281372062,49.48261655723836,49.173
1784669017.553095,24.3251953125,1000.1108286167911,49.121646792603876,49.66
1784669032.6331446,24.315234375,1000.135218839987,49.19785080928041,50.147
1784669047.7132246,24.315234375,1000.1063169454751,49.4343284626506,50.147
1784669062.7933228,24.305078125,1000.112649201788,49.51703061024159,49.173
1784669077.9132142,24.3,1000.1144260498337,49.38754350501144,49.173
1784669093.034305,24.214453125,1000.0966149786162,49.180623139187986,50.147
1784669108.16061,24.209375,1000.1235362713477,49.298743479595075,50.147
1784669123.279274,24.1943359375,1000.1169094363768,49.32840000080149,49.173
1784669138.359332,24.3,1000.1156534756722,49.35118022187312,49.66
1784669153.4790337,24.1943359375,1000.1257926797457,49.19811075434556,50.634
1784669168.5591938,24.2900390625,1000.129620413557,49.55197108135482,51.121
1784669183.6464145,24.1892578125,1000.1339498958204,49.54023540862,48.686
1784669198.7267902,24.2748046875,1000.1331739399217,49.39231240283893,50.147
1784669213.8501356,24.1841796875,1000.1339498958204,49.55278067772829,50.147
1784669228.9752593,24.1841796875,1000.1136295494038,49.60582487764949,49.173
1784669244.055368,24.269921875,1000.1240650068175,49.30378578832228,50.147
1784669259.1361964,24.259765625,1000.1367274666492,49.36865862695578,50.147
1784669274.21726,24.269921875,1000.1214888492302,49.56343711402763,49.66
1784669289.2973251,24.259765625,1000.1564960375799,49.44535363571357,50.147
1784669304.37746,24.2546875,1000.0976155194699,49.56925894028812,50.634
1784669319.457587,24.259765625,1000.0922854496606,49.24404039506755,49.66
1784669334.5431736,24.1640625,1000.1021692894625,49.308998511952055,50.147
1784669349.6233199,24.2546875,1000.1394795037119,49.17890634325515,48.686
1784669364.7468865,24.158984375,1000.1280428276276,49.17376475860747,49.66
1784669379.8321962,24.148828125,1000.1204627334523,49.509862956745344,49.66
1784669394.9574025,24.148828125,1000.0993663493257,49.475099321188345,49.66
1784669410.0424075,24.1337890625,1000.1493338655424,49.43263901092418,48.686
1784669425.162388,24.1236328125,1000.135056579035,49.39813678334621,48.686
1784669440.243668,24.2294921875,1000.1056959994927,49.29673563623815,50.147
1784669455.3238797,24.209375,1000.1204344647756,49.491677234242175,49.66
1784669470.4064171,24.209375,1000.1089978541987,49.36151354149174,49.173
1784669485.4876442,24.209375,1000.1226849874744,49.11334626876884,50.147
1784669500.5678482,24.214453125,1000.1234620511452,49.41499066852709,50.147
1784669515.6926746,24.11875,1000.1277626434851,49.2142995001965,49.173
1784669530.7728188,24.19921875,1000.1138020326512,49.43263901092418,49.66
1784669545.85351,24.209375,1000.1303166079792,49.23143511706075,49.173
1784669560.9336133,24.19921875,1000.1181024776445,49.4914064527931,49.66
1784669576.0591142,24.10859375,1000.1262075599561,49.34430372921766,50.147
1784669591.139817,24.1943359375,1000.102113675669,49.30221136862396,49.66
1784669606.2212582,24.1892578125,1000.1338697348785,49.53888518316506,49.66
1784669621.301447,24.1943359375,1000.1386743118675,49.45037661656728,50.147
1784669636.423559,24.113671875,1000.1053804971614,49.35056752617266,49.173
1784669651.5037792,24.214453125,1000.1559660277512,49.20787098559342,49.173
1784669666.583905,24.19921875,1000.1350901610235,49.0537915149702,48.686
1784669681.664008,24.1892578125,1000.1455281364291,49.562442969251606,50.147
1784669696.7440646,24.1943359375,1000.1775060465723,49.46193535100771,49.66
1784669711.8242126,24.1943359375,1000.1526011037713,49.142227797699746,49.66
1784669726.9496748,24.0935546875,1000.1399451507688,49.338213838065954,49.66
1784669742.0298765,24.1841796875,1000.1061915369085,49.313863220434,50.147
1784669757.1099617,24.1841796875,1000.1115210527109,49.23108918957077,50.147
1784669772.1913922,24.1791015625,1000.1208780004034,49.51496454685591,50.147
1784669787.2720666,24.1791015625,1000.1719222888219,49.497141396246455,49.66
1784669802.3521254,24.1740234375,1000.0886479284152,49.313686633311434,49.66
1784669817.4773238,24.0783203125,1000.1010832588674,49.51541371138173,50.147
1784669832.5993452,24.1740234375,1000.1569321894771,49.53315088472832,49.66
1784669847.7212336,24.1740234375,1000.1373907682963,49.189871800999235,49.173
1784669862.8014705,24.15390625,1000.1213682747098,49.514337366155736,48.686
1784669877.8818789,24.158984375,1000.1492681743756,49.526338579230575,49.66
1784669892.9668677,24.0732421875,1000.1091877937982,49.31359832372442,49.173
1784669908.0470183,24.1640625,1000.126174334893,49.585455261254275,49.173
1784669923.1700704,24.0732421875,1000.126174334893,49.51514563706348,49.66
1784669938.2566035,24.06328125,1000.1132643448627,49.51442799056258,49.173
1784669953.3769534,24.068359375,1000.1558210930488,49.31994885546011,48.199
1784669968.4995327,24.15390625,1000.1084098534069,49.296562985701996,48.199
1784669983.580842,24.169140625,1000.0876163084961,49.56754142610405,47.712
1784669998.7059243,24.06328125,1000.1231446948905,49.28464962006473,47.225
1784670013.828248,24.1640625,1000.167811093191,49.72788548774653,47.712
1784670028.9539511,24.068359375,1000.1799901885325,49.33186225327205,47.225
1784670044.0791495,24.06328125,1000.1391324805965,49.34359869382247,48.199
1784670059.1642501,24.06328125,1000.1312483750598,49.39601384565262,47.712
1784670074.2495112,24.058203125,1000.1089333359821,49.514337366155736,48.199
1784670089.3332162,24.15390625,1000.1789924689457,49.1597089279734,48.199
1784670104.4144528,24.1388671875,1000.1525652566144,49.330984004272274,47.712
1784670119.5364897,24.1439453125,1000.183543034967,49.35524947944874,48.199
1784670134.6588216,24.1439453125,1000.169331651405,49.44984474929593,47.712
1784670149.7390592,24.1439453125,1000.1873144440891,49.608738355829914,47.225
1784670164.8236127,24.0431640625,1000.1274394216562,49.43121844561101,47.225
1784670179.9448512,24.1388671875,1000.1383161102426,49.3077744037425,47.712
1784670195.070122,24.0431640625,1000.1738428329854,49.1598787565284,46.738
1784670210.1939538,24.0279296875,1000.1738428329854,49.49078120556168,47.225
1784670225.2752972,24.11875,1000.1487557895817,49.63220304149448,47.225
1784670240.3555155,24.1337890625,1000.1596321395382,49.51379688358198,48.686
1784670255.4355962,24.1236328125,1000.0816924235654,49.26534129666699,48.199
1784670270.5609734,24.0380859375,1000.1487557895817,49.68613634966473,48.199
1784670285.6859567,24.0431640625,1000.1865353729412,49.46749103488147,48.199
1784670300.7661865,24.1388671875,1000.1393518195282,49.277688884684366,49.173
1784670315.8925736,24.048046875,1000.1179975174596,49.426017039846904,48.199
1784670330.9727647,24.1337890625,1000.1594139784387,49.59082483230533,48.686
1784670346.0528388,24.1388671875,1000.1571157468468,49.26586509249412,48.199
1784670361.132933,24.1439453125,1000.1558612484572,49.567179914980755,48.686
1784670376.214427,24.1337890625,1000.1515295358024,50.016308809107166,49.173
1784670391.2945397,24.1236328125,1000.1522685061974,49.460328743798485,48.686
1784670406.417352,24.0228515625,1000.1331199441344,49.52042685443074,48.199
1784670421.4975145,24.1236328125,1000.1553002533938,49.63192694845193,49.66
1784670436.5776143,24.10859375,1000.1616261758821,49.48997109736404,48.686
1784670451.702802,24.0279296875,1000.1562972533516,49.58536735770383,48.686
1784670466.827939,24.0330078125,1000.144642324763,49.77443818038907,48.686
1784670481.9137516,24.012890625,1000.1491920245796,49.44268184758163,48.199
1784670497.0350235,24.0330078125,1000.1559944161593,49.71541901558583,49.173
1784670512.115135,24.11875,1000.1829418741607,49.554992740705906,48.686
1784670527.240484,24.01796875,1000.1248448538478,49.56745018668837,49.173
1784670542.359624,24.01796875,1000.1290906895911,49.632567478586495,48.686
1784670557.4409075,24.113671875,1000.1718077383663,49.738139172149914,48.686
1784670572.5607984,24.0078125,1000.1222016688317,49.60319006519763,48.686
1784670587.640968,24.1236328125,1000.1532653062327,49.84443414657759,48.686
1784670602.7210643,24.113671875,1000.1469396265999,49.80906585236609,48.199
1784670617.8012114,24.0984375,1000.1184776788608,49.62537896810636,49.66
1784670632.881979,24.0833984375,1000.1215097991372,49.67284408514774,49.173
1784670648.0043094,24.002734375,1000.1054362929665,49.76852701948218,48.686
1784670663.0845196,24.113671875,1000.1149252385817,49.69039363396489,49.66
1784670678.1656601,24.0935546875,1000.1113727986647,49.44214912220343,49.66
1784670693.251746,23.9927734375,1000.1283552146808,49.82032495678694,49.173
1784670708.3319798,24.0732421875,1000.1238063399594,49.96225965982574,49.173
1784670723.4506037,23.9927734375,1000.1237155303455,49.614469585004926,48.686
1784670738.5307577,24.0935546875,1000.0894956519071,49.5600890636986,49.66
1784670753.610938,24.0732421875,1000.0742896169744,49.74930984654126,48.686
1784670768.6911232,24.058203125,1000.1090335888965,49.89696472433699,48.686
1784670783.8102262,23.9775390625,1000.0965085697853,49.70276457319077,48.199
1784670798.8907468,24.0732421875,1000.1080372281777,49.70202847380427,49.173
1784670813.9759786,23.9775390625,1000.0869397255696,49.69593247270299,49.173
1784670829.060643,23.9927734375,1000.0707372387508,49.74339971095107,48.199
1784670844.1851802,23.9876953125,1000.0752862500743,49.65547828638804,47.712
1784670859.305217,23.9775390625,1000.0982846030216,49.773602697440175,48.199
1784670874.3873754,24.068359375,1000.0735100752529,49.63692329652694,47.712
1784670889.5072842,24.068359375,1000.0966003549984,49.69103578702277,47.712
1784670904.5923727,23.9826171875,1000.1017121296636,49.77895418573326,47.225
1784670919.6743622,24.0732421875,1000.0902753234666,49.92660913113239,47.712
1784670934.799594,23.99765625,1000.1042679199185,49.66748481960907,47.225
1784670949.922892,23.9927734375,1000.0831705641197,49.70295027867967,47.712
1784670965.046327,23.9927734375,1000.1154015678991,49.685217595443035,47.225
1784670980.1655955,23.99765625,1000.1330733633698,49.81534923454824,48.199
1784670995.2838457,23.9876953125,1000.108726291384,49.62019696468708,47.225
1784671010.405144,23.9826171875,1000.1523468101227,49.974555678313955,47.225
1784671025.5251267,24.068359375,1000.1062610372989,49.82097740952292,46.738
1784671040.6472187,24.0732421875,1000.124022950165,49.950819069682716,47.712
1784671055.7723954,23.9826171875,1000.1542182228337,49.53134865079715,47.225
1784671070.8915226,23.9775390625,1000.1053887368727,49.70276457319077,47.225
1784671085.9721103,24.0732421875,1000.1224629651828,49.660471755107736,47.225
1784671101.052162,24.058203125,1000.1630991903672,50.021164964234494,47.225
1784671116.1322017,24.06328125,1000.1348961076101,49.997333621853606,48.199
1784671131.2139733,24.068359375,1000.1854092659663,50.044706663888896,48.686
1784671146.2948287,24.0431640625,1000.1597624057848,49.926418111283404,48.199
1784671161.4161718,23.9625,1000.1566288378806,49.98036984567122,48.199
1784671176.4968529,24.06328125,1000.181594496371,49.79621800422146,48.686
1784671191.5841756,23.967578125,1000.1399628760322,49.76066545881066,48.199
1784671206.6662953,24.058203125,1000.1668670656684,50.03870031901392,48.199
1784671221.7472613,24.0431640625,1000.1952857196999,50.32234409371549,47.225
1784671236.827259,24.06328125,1000.1940274623753,49.66029029333808,48.199
1784671251.9084368,24.0380859375,1000.1754853176155,49.7724849917717,48.686
1784671267.029736,23.9373046875,1000.1654546613581,50.25764227927952,48.686
1784671282.1099143,24.0380859375,1000.1708885374227,50.02621186096586,49.173
1784671297.1899252,24.0228515625,1000.2000869568457,49.92585214799909,48.686
1784671312.2706347,24.0279296875,1000.1310342115364,49.86656888761275,48.686
1784671327.3507636,24.01796875,1000.1683312676241,49.94929749943207,49.173
1784671342.4667277,24.0279296875,1000.1575688624866,49.73739620882549,49.66
1784671357.546841,24.0279296875,1000.1444614989655,49.89011063173464,49.173
1784671372.6687436,24.012890625,1000.1906384561543,49.91441159098924,49.173
1784671387.7939403,23.9171875,1000.1738726688326,50.13296098425351,47.712
1784671402.874481,24.0078125,1000.1649925562094,50.05546571018395,49.173
1784671417.9905517,24.0228515625,1000.1666596404059,50.23351372515368,48.686
1784671433.0708022,24.012890625,1000.1906384561543,49.901928911722024,49.66
1784671448.1521578,24.012890625,1000.1566288378806,50.24434718574746,48.686
1784671463.2368755,23.912109375,1000.1550655468226,50.20869923320386,48.199
1784671478.317041,23.9927734375,1000.1637328132142,49.99618806797874,49.173
1784671493.4330776,23.9927734375,1000.1638324857474,50.12104493327538,49.66
1784671508.5132961,24.002734375,1000.1525078105349,50.019532838203624,48.686
1784671523.5934663,24.002734375,1000.1603934416302,50.39775835053534,48.686
1784671538.6757803,23.9826171875,1000.1568415116677,49.74191445346565,48.199
1784671553.7560441,23.9876953125,1000.1657213372531,50.01962958654453,49.173
1784671568.836167,23.9826171875,1000.1586174766036,50.16143280866351,48.199
1784671583.9167912,23.9927734375,1000.1817050290139,49.97236052967222,49.173
1784671598.9969187,23.9876953125,1000.2118964668049,49.96645185129173,48.686
1784671614.0770411,23.99765625,1000.1720432691322,50.196783926697144,48.686
1784671629.158224,23.9826171875,1000.1959127611838,49.79509570534944,49.66
1784671644.2392108,23.9826171875,1000.2248427094496,50.03716513252549,48.686
1784671659.3194437,23.9724609375,1000.2072943202157,49.901077694286435,49.173
1784671674.3995807,23.967578125,1000.2447984317222,50.00132804096081,49.66
1784671689.484401,23.8716796875,1000.2171670918933,50.172760691821125,48.686
1784671704.6038995,23.957421875,1000.255243936,50.06108667902131,48.686
1784671719.6885884,23.86171875,1000.2346561744641,50.196099896356124,49.173
1784671734.7688365,23.9423828125,1000.1986254883843,49.9836033297814,49.66
1784671749.8943539,23.86171875,1000.2133459224549,50.338678507449394,49.173
1784671765.0198267,23.8818359375,1000.2283358288773,49.99599514036875,48.199
1784671780.1045651,23.86171875,1000.1991390950284,50.11929826853139,49.173
1784671795.1857479,23.95234375,1000.2293286102391,50.196099896356124,49.66
1784671810.270343,23.8515625,1000.218099730281,50.15445022698493,49.173
1784671825.3504648,23.9373046875,1000.2323062201817,49.97721696202796,48.686
1784671840.4313405,23.9373046875,1000.2198755412014,50.166265449022426,49.66
1784671855.5115125,23.9373046875,1000.2046764270505,50.06593214235811,49.173
1784671870.5963163,23.8416015625,1000.2284829937058,50.29002675318143,48.686
1784671885.6765747,23.9322265625,1000.2252029745067,50.40256125458221,49.173
1784671900.7925332,23.9373046875,1000.221041256285,50.31484991353363,48.199
1784671915.872952,23.9423828125,1000.2358578435628,49.99494070486318,48.686
1784671930.95304,23.9271484375,1000.2239393210773,50.26649763171131,48.686
1784671946.0690567,23.9171875,1000.2088184075911,50.427099016434155,49.173
1784671961.1499958,23.9423828125,1000.2686061704999,50.39084793785567,49.173
1784671976.231146,23.9322265625,1000.2703819983824,50.113194554385046,49.173
1784671991.311289,23.9322265625,1000.2384171103538,50.556247669944845,48.686
1784672006.3947794,23.9373046875,1000.2152689450746,50.24857668425571,48.686
1784672021.4749582,23.9271484375,1000.21533137614,50.178179296638845,49.173
1784672036.555107,23.9322265625,1000.2046144242594,50.041818705892595,48.686
1784672051.6352005,23.9171875,1000.2338103005153,50.38454041487369,48.686
1784672066.7602298,23.846484375,1000.2442566375241,49.95997023760609,49.173
1784672081.8407123,23.9220703125,1000.2087406881016,50.37292816680143,48.686
1784672096.9208198,23.9271484375,1000.2115088426133,50.059736034125066,48.686
1784672112.000894,23.9271484375,1000.2673420240768,50.195708248699304,48.686
1784672127.0809839,23.9271484375,1000.2286910996693,50.46112695554683,49.173
1784672142.1620247,23.9220703125,1000.2553272104549,50.46112695554683,48.686
1784672157.2827792,23.8212890625,1000.2143514952057,49.92452029090862,49.66
1784672172.3631172,23.9220703125,1000.2327535426718,50.23646790085598,49.66
1784672187.443224,23.901953125,1000.2809042118708,50.32487106593677,48.199
1784672202.5233362,23.896875,1000.2636569889836,50.265607577633396,48.199
1784672217.6078856,23.7912109375,1000.2552600308123,50.38974322256547,48.199
1784672232.6890619,23.8919921875,1000.2507175678303,50.27171013094637,47.712
1784672247.7702186,23.8869140625,1000.2524932520495,50.28352374400063,48.199
1784672262.8929706,23.80625,1000.2542689363588,50.29613400487101,48.199
1784672278.0162017,23.811328125,1000.2471661996638,50.390949010086395,47.712
1784672293.1012428,23.80625,1000.2789220860333,50.26600283592631,47.225
1784672308.2263672,23.80625,1000.2773528406251,50.54433084288698,47.712
1784672323.3469005,23.811328125,1000.2716788662501,50.60941015788788,48.199
1784672338.4678295,23.79609375,1000.2267094137496,50.32576692191324,47.225
1784672353.592798,23.80625,1000.2676897231701,50.45552578699219,47.225
1784672368.7179496,23.80625,1000.2951097004755,50.26679284961425,46.738
1784672383.8433917,23.79609375,1000.2851703683752,50.10689904518639,47.225
1784672398.9682412,23.801171875,1000.3151510689227,50.000562294471855,47.712
1784672414.0937486,23.811328125,1000.2676897231701,50.431694663898284,47.225
1784672429.2194724,23.801171875,1000.2818950912981,50.526609968168515,47.712
1784672444.3021617,23.896875,1000.3108849596088,50.48455336915549,48.199
1784672459.3823948,23.8869140625,1000.3349599551343,50.389945589687954,48.686
1784672474.4624796,23.8919921875,1000.2818950912981,50.21254227358468,48.686
1784672489.5425518,23.8818359375,1000.2583300195437,50.371926430414184,48.686
1784672504.6226532,23.8767578125,1000.2765680775708,50.43108877970342,48.199
1784672519.702746,23.8869140625,1000.2778622448079,50.31286081218909,48.686
1784672534.825924,23.801171875,1000.2867405326414,50.38454041487369,49.173
1784672549.9065502,23.8818359375,1000.2809042118708,50.67925602395573,48.199
1784672564.9866183,23.8716796875,1000.2780678533319,50.430787650942115,49.173
1784672580.107254,23.7810546875,1000.2850226512559,50.467237710202504,49.66
1784672595.1929286,23.7609375,1000.2734544375609,50.40676058335607,50.147
1784672610.2730775,23.86171875,1000.3026492512694,50.365518985225734,49.66
1784672625.3531802,23.846484375,1000.2866689698643,50.40686204754107,49.66
1784672640.433366,23.8515625,1000.2914876046968,50.36571705859376,49.173
1784672655.5135972,23.8515625,1000.2747218305626,50.560516814125045,49.66
1784672670.5937178,23.86171875,1000.2978046335104,50.60185795428833,49.66
1784672685.7185483,23.7810546875,1000.3171317040005,50.549628107334705,49.66
1784672700.834588,23.866796875,1000.3232968391043,50.43740208585177,50.147
1784672715.915113,23.866796875,1000.3315410653469,50.44239649614564,48.686
1784672731.040289,23.7759765625,1000.2800486298847,50.24227541877788,50.147
1784672746.120772,23.856640625,1000.2887216264403,50.70837115165732,49.66
1784672761.2022302,23.866796875,1000.3374491930249,50.56082634627375,51.121
1784672776.3216527,23.7861328125,1000.303563781214,50.390447431355454,50.634
1784672791.4017508,23.8818359375,1000.2914876046968,50.43068594994391,50.634
1784672806.4818888,23.86171875,1000.3242342270127,50.856012700636114,49.66
1784672821.5620413,23.866796875,1000.3216730707192,50.737794784849505,50.147
1784672836.6780033,23.86171875,1000.3207347561041,50.63241849265061,49.66
1784672851.8034027,23.7708984375,1000.3213948971783,50.72671455194911,49.66
1784672866.8839867,23.86171875,1000.3226630537994,50.737689583717085,49.66
1784672882.0083203,23.7708984375,1000.289434583432,50.59076671315834,49.66
1784672897.088494,23.856640625,1000.2848933834944,50.98561204850742,49.66
1784672912.1701705,23.856640625,1000.2843851459069,51.05078096386744,50.147
1784672927.2902508,23.7759765625,1000.2771345520981,50.90980056096465,49.173
1784672942.3704028,23.86171875,1000.263586354117,50.86160249952793,49.173
1784672957.4539998,23.8416015625,1000.2582595988102,50.566323428231634,50.147
1784672972.573322,23.846484375,1000.2835998298854,50.643923257022955,49.66
1784672987.6922853,23.856640625,1000.2754343828866,50.70267489976662,49.173
1784673002.7772512,23.7609375,1000.2559034188157,50.62506942421351,48.686
1784673017.858139,23.8416015625,1000.2523523356161,50.743178054309084,49.173
1784673032.9439871,23.755859375,1000.277995585599,50.808242097486804,49.66
1784673048.0671809,23.7408203125,1000.2657710036177,50.70246535609754,49.66
1784673063.1484268,23.8314453125,1000.2604444206005,50.64268180024111,50.147
1784673078.2293062,23.8314453125,1000.2693220594152,50.77850411803445,49.173
1784673093.3094952,23.8212890625,1000.2488012527789,50.91442826715152,50.147
1784673108.389619,23.8263671875,1000.2450453074555,50.72567222963154,50.147
1784673123.4696486,23.8416015625,1000.2566889056918,50.45390663221322,50.147
1784673138.5496802,23.8263671875,1000.2378702870149,50.695624741366956,49.66
1784673153.629743,23.8314453125,1000.2583903686286,50.68370961449447,49.66
1784673168.7102451,23.8212890625,1000.2388600409827,50.595130973360625,49.66
1784673183.7903943,23.81640625,1000.2451760815634,50.64817414552883,49.66
1784673198.870825,23.80625,1000.2532673704148,50.84883707272809,50.147
1784673213.9960752,23.7306640625,1000.2335335898897,50.83207574847953,50.147
1784673229.0836015,23.7255859375,1000.2380742032062,50.8430388386387,49.173
1784673244.2090943,23.7357421875,1000.260951770852,51.133342042310254,49.173
1784673259.330539,23.7357421875,1000.2590212445776,51.233724134679576,48.686
1784673274.4524753,23.8212890625,1000.2698292687098,50.90314957062257,47.712
1784673289.5777562,23.7408203125,1000.2789100235436,50.98561204850742,48.199
1784673304.6975572,23.81640625,1000.2919213418494,50.99752624897224,48.686
1784673319.8169036,23.7357421875,1000.2732240994975,51.2163417376564,48.686
1784673334.9028955,23.7357421875,1000.3152059295276,51.03800106107277,48.199
1784673350.027907,23.7306640625,1000.2806854950795,50.908947802774605,49.173
1784673365.1532807,23.7357421875,1000.2781237604581,51.044767141506064,48.686
1784673380.2385464,23.7306640625,1000.2743697357603,51.18561158033399,48.686
1784673395.321623,23.81640625,1000.3337473201083,51.48683093275564,48.199
1784673410.4408855,23.81640625,1000.3152059295276,51.06248230664395,49.173
1784673425.5630686,23.8212890625,1000.3372983264043,51.162976527057516,48.686
1784673440.6882703,23.7306640625,1000.3098794667546,51.41075324003108,47.712
1784673455.775783,23.7357421875,1000.2900688998508,51.13805153135602,48.199
1784673470.901245,23.7255859375,1000.3339496832591,51.15696162535093,49.173
1784673486.0206828,23.7255859375,1000.3302358747997,51.12743712085882,48.199
1784673501.146373,23.715625,1000.3225102153878,51.31628202346485,48.686
1784673516.2271962,23.81640625,1000.383662999079,51.38623890518883,48.686
1784673531.3464768,23.7205078125,1000.3578532859216,51.35761350441532,49.173
1784673546.4678636,23.81640625,1000.3897764939101,51.280961738732515,48.199
1784673561.5480533,23.8212890625,1000.3880010024255,51.29188717791345,49.173
1784673576.6281111,23.8212890625,1000.3923389703072,51.36284812375981,49.173
1784673591.7082233,23.81640625,1000.3907649071335,51.30358363532617,50.147
1784673606.8333912,23.7306640625,1000.3773480554214,51.440274955703444,48.199
1784673621.9602406,23.7306640625,1000.3534799060085,51.34580456123943,49.66
1784673637.0403478,23.81640625,1000.4002279442059,51.02050436898587,50.147
1784673652.1209655,23.8314453125,1000.4012165016662,51.162104445037855,48.199
1784673667.2079587,23.7306640625,1000.3915519854847,50.93171751091607,49.66
1784673682.2895927,23.811328125,1000.4202422656033,51.416205792084384,49.66
1784673697.4058325,23.8212890625,1000.3939486002429,51.139466469422075,49.66
1784673712.4862084,23.8314453125,1000.4075314137324,50.984859702117646,49.66
1784673727.602432,23.8212890625,1000.4036133862776,51.18080149905309,50.147
1784673742.7269475,23.7357421875,1000.419758678847,50.9684315643009,50.147
1784673757.813261,23.7306640625,1000.4093069062126,50.96124105321898,50.147
1784673772.894346,23.811328125,1000.4110823987834,51.150185641366214,49.66
1784673787.9744647,23.811328125,1000.3823921020806,50.98453948623078,49.66
1784673803.0980332,23.715625,1000.4029100182607,51.351484629114324,49.173
1784673818.223669,23.6904296875,1000.3898946883303,51.640442718657006,50.147
1784673833.3425155,23.6802734375,1000.3681304279714,51.30347188782183,49.66
1784673848.4226038,23.7708984375,1000.3825085187565,51.367523138454686,49.66
1784673863.5461555,23.6904296875,1000.4099268743568,51.167678258383866,49.66
1784673878.6265285,23.7708984375,1000.3800299219947,51.0668733935382,50.147
1784673893.7068317,23.7759765625,1000.4073634054351,51.44426527765971,49.173
1784673908.8282304,23.755859375,1000.4215662057894,51.96441618840342,50.147
1784673923.9094408,23.7609375,1000.419088859954,51.48013507689542,50.147
1784673938.9898367,23.7759765625,1000.3840842308852,51.30280977980754,49.173
1784673954.0702538,23.7810546875,1000.3551742570168,51.297125398732234,49.173
1784673969.1919131,23.7912109375,1000.3674013321304,51.11519337361891,50.634
1784673984.3112438,23.715625,1000.3555934186724,51.40473606332147,49.66
1784673999.3913574,23.811328125,1000.3793249602692,51.07911426756582,50.147
1784674014.4714274,23.80625,1000.373797073811,51.46310197184137,49.173
1784674029.551501,23.8212890625,1000.3684706020745,51.032096506731904,49.66
1784674044.6315842,23.811328125,1000.3615703425344,51.18539077914463,49.66
1784674059.7117648,23.811328125,1000.3789217007285,50.985075898819645,49.66
1784674074.8370426,23.745703125,1000.3337473201083,50.980134568627435,49.173
1784674089.9174993,23.8365234375,1000.3553338954491,51.085669838235255,50.634
1784674104.9976246,23.8365234375,1000.3652007028534,51.38078106555818,50.634
1784674120.1189857,23.7609375,1000.3745030664593,51.10446913300363,49.66
1784674135.2053874,23.7609375,1000.3738758065399,51.0090157737319,49.173
1784674150.324494,23.766015625,1000.350434042835,51.175552998043976,50.147
1784674165.440505,23.86171875,1000.3141383708369,51.28764196737713,49.66
1784674180.521672,23.856640625,1000.3312623424129,51.16844523097405,49.173
1784674195.6017504,23.8515625,1000.341915703555,51.20387298194496,50.147
1784674210.681769,23.846484375,1000.3375784323673,51.24509387746115,50.147
1784674225.7618577,23.8416015625,1000.343894314827,51.3512601775478,49.173
1784674240.887198,23.7408203125,1000.3365117887678,51.298675670690066,49.66
1784674255.9673045,23.8212890625,1000.3292071833202,51.008694920030926,49.66
1784674271.0926435,23.75078125,1000.303563781214,50.98002663800127,50.634
1784674286.1719375,23.8314453125,1000.3527719749202,51.061941880769915,49.173
1784674301.2521045,23.8365234375,1000.3403432514237,50.93794077263233,48.686
1784674316.3748753,23.7306640625,1000.3310234527943,51.25734301891807,49.66
1784674331.455067,23.8212890625,1000.3169814172996,50.902193711746975,50.147
1784674346.5370612,23.8212890625,1000.3203295983959,50.89059816995599,49.66
1784674361.6173093,23.8263671875,1000.3664930647215,50.91421784877468,48.686
1784674376.733334,23.8365234375,1000.3655427977014,51.08052462465837,49.173
1784674391.8134434,23.8365234375,1000.3242856747619,51.08501860553962,49.66
1784674406.8938632,23.81640625,1000.3540644331509,51.268493302832624,50.147
1784674421.974221,23.8263671875,1000.3953847748766,51.19774741893139,50.147
1784674437.0543158,23.8365234375,1000.3951825581621,51.29834517599162,50.147
1784674452.1753712,23.8314453125,1000.3624360832173,51.24608407810329,51.121
1784674467.25549,23.846484375,1000.3634251700198,51.2804089982381,52.095
1784674482.335493,23.8314453125,1000.3872937518149,50.89671312863939,51.608
1784674497.415549,23.8416015625,1000.3872937518149,50.861282574174595,51.608